<?xml version="1.0" encoding="utf-8"?><testsuites name="pytest tests"><testsuite name="pytest" errors="0" failures="0" skipped="0" tests="34" time="6.312" timestamp="2026-04-29T15:55:39.131904+00:00" hostname="agent-env-636b69e6-ebb0-46e3-89d1-d3eb5e719442"><testcase classname="backend.tests.test_hostel_api.TestAuth" name="test_login_invalid" time="0.240" /><testcase classname="backend.tests.test_hostel_api.TestAuth" name="test_me_no_token" time="0.115" /><testcase classname="backend.tests.test_hostel_api.TestAuth" name="test_me_with_token" time="0.466" /><testcase classname="backend.tests.test_hostel_api.TestRooms" name="test_create_room" time="0.119" /><testcase classname="backend.tests.test_hostel_api.TestRooms" name="test_list_rooms" time="0.109" /><testcase classname="backend.tests.test_hostel_api.TestStudents" name="test_create_student" time="0.565" /><testcase classname="backend.tests.test_hostel_api.TestStudents" name="test_list_students" time="0.111" /><testcase classname="backend.tests.test_hostel_api.TestStudents" name="test_room_now_has_occupant" time="0.116" /><testcase classname="backend.tests.test_hostel_api.TestStudents" name="test_delete_occupied_room_blocked" time="0.108" /><testcase classname="backend.tests.test_hostel_api.TestStudents" name="test_update_student" time="0.117" /><testcase classname="backend.tests.test_hostel_api.TestStudentSelf" name="test_student_login" time="0.336" /><testcase classname="backend.tests.test_hostel_api.TestStudentSelf" name="test_student_forbidden_on_students_list" time="0.169" /><testcase classname="backend.tests.test_hostel_api.TestStudentSelf" name="test_my_profile" time="0.117" /><testcase classname="backend.tests.test_hostel_api.TestStudentSelf" name="test_my_room" time="0.105" /><testcase classname="backend.tests.test_hostel_api.TestStudentSelf" name="test_my_fees_empty" time="0.117" /><testcase classname="backend.tests.test_hostel_api.TestStaff" name="test_create_staff" time="0.341" /><testcase classname="backend.tests.test_hostel_api.TestStaff" name="test_staff_login_and_list_perms" time="0.593" /><testcase classname="backend.tests.test_hostel_api.TestFees" name="test_create_fee" time="0.116" /><testcase classname="backend.tests.test_hostel_api.TestFees" name="test_pay_fee" time="0.116" /><testcase classname="backend.tests.test_hostel_api.TestFees" name="test_list_fees" time="0.107" /><testcase classname="backend.tests.test_hostel_api.TestAttendance" name="test_mark_attendance_idempotent" time="0.334" /><testcase classname="backend.tests.test_hostel_api.TestComplaints" name="test_student_creates_complaint" time="0.142" /><testcase classname="backend.tests.test_hostel_api.TestComplaints" name="test_admin_cannot_create_complaint" time="0.113" /><testcase classname="backend.tests.test_hostel_api.TestComplaints" name="test_admin_updates_status" time="0.136" /><testcase classname="backend.tests.test_hostel_api.TestFood" name="test_get_food_seven_days" time="0.106" /><testcase classname="backend.tests.test_hostel_api.TestFood" name="test_update_food_day" time="0.146" /><testcase classname="backend.tests.test_hostel_api.TestFood" name="test_invalid_day" time="0.122" /><testcase classname="backend.tests.test_hostel_api.TestMisc" name="test_dashboard_admin" time="0.135" /><testcase classname="backend.tests.test_hostel_api.TestMisc" name="test_dashboard_student" time="0.109" /><testcase classname="backend.tests.test_hostel_api.TestMisc" name="test_project_pdf" time="0.191" /><testcase classname="backend.tests.test_hostel_api.TestMisc" name="test_role_admin_only_user_create" time="0.129" /><testcase classname="backend.tests.test_hostel_api.TestZCleanup" name="test_delete_student" time="0.115" /><testcase classname="backend.tests.test_hostel_api.TestZCleanup" name="test_delete_room" time="0.124" /><testcase classname="backend.tests.test_hostel_api.TestZCleanup" name="test_delete_staff" time="0.123" /></testsuite></testsuites>